<?xml version="1.0" encoding="UTF-8"?>
<testsuite xmlns:xsi="http://www.w3.org/2001/XMLSchema-instance" xsi:noNamespaceSchemaLocation="https://maven.apache.org/surefire/maven-surefire-plugin/xsd/surefire-test-report.xsd" name="TestSuite" time="232.824" tests="3" errors="0" skipped="0" failures="0">
  <properties>
[...]
</properties>
  <testcase name="TC1" classname="Runner.Script1" time="72.918"/>
  <testcase name="TC2" classname="Runner.Script2" time="98.83"/>
  <testcase name="TC3" classname="Runner.Script3" time="60.434"/>
</testsuite>