<?xml version="1.0" encoding="UTF-8"?>
<testng-results ignored="0" total="3" passed="3" failed="0" skipped="0">
  <reporter-output>
  </reporter-output>
  <suite started-at="2021-11-22T19:00:54 IST" name="Suite" finished-at="2021-11-22T19:04:46 IST" duration-ms="232220">
    <groups>
    </groups>
    <test started-at="2021-11-22T19:00:54 IST" name="Test" finished-at="2021-11-22T19:04:46 IST" duration-ms="232220">
      <class name="Runner.Script1">
        <test-method signature="TC1()[pri:0, instance:Runner.Script1@2cd76f31]" started-at="2021-11-22T19:00:54 IST" name="TC1" finished-at="2021-11-22T19:02:07 IST" duration-ms="72914" status="PASS">
          <reporter-output>
          </reporter-output>
        </test-method> <!-- TC1 -->
      </class> <!-- Runner.Script1 -->
      <class name="Runner.Script2">
        <test-method signature="TC2()[pri:0, instance:Runner.Script2@8297b3a]" started-at="2021-11-22T19:02:07 IST" name="TC2" finished-at="2021-11-22T19:03:45 IST" duration-ms="98831" status="PASS">
          <reporter-output>
          </reporter-output>
        </test-method> <!-- TC2 -->
      </class> <!-- Runner.Script2 -->
      <class name="Runner.Script3">
        <test-method signature="TC3()[pri:0, instance:Runner.Script3@2362f559]" started-at="2021-11-22T19:03:45 IST" name="TC3" finished-at="2021-11-22T19:04:46 IST" duration-ms="60433" status="PASS">
          <reporter-output>
          </reporter-output>
        </test-method> <!-- TC3 -->
      </class> <!-- Runner.Script3 -->
    </test> <!-- Test -->
  </suite> <!-- Suite -->
</testng-results>
